<?xml version="1.0" encoding="UTF-8"?>
<!-- Generated by org.testng.reporters.JUnitReportReporter -->
<testsuite hostname="ZSCHN01LP0174" failures="0" tests="4" name="testScripts.ArticlePageTest" time="2.971" errors="0" timestamp="2024-02-13T11:26:47 IST" skipped="0">
  <testcase classname="testScripts.ArticlePageTest" name="loginTest" time="0.301"/>
  <system-out/>
  <testcase classname="testScripts.ArticlePageTest" name="newArticle" time="1.614"/>
  <system-out/>
  <testcase classname="testScripts.ArticlePageTest" name="updateArticlePage" time="1.001"/>
  <system-out/>
  <testcase classname="testScripts.ArticlePageTest" name="deleteArticle" time="0.055"/>
  <system-out/>
</testsuite> <!-- testScripts.ArticlePageTest -->
