<?xml version="1.0" encoding="UTF-8"?>
<!-- Generated by org.testng.reporters.JUnitReportReporter -->
<testsuite hostname="ZSCHN01LP0174" failures="0" tests="4" name="testScripts.ArticlePageTest" time="3.741" errors="0" timestamp="2024-02-15T12:22:20 IST" skipped="0">
  <testcase classname="testScripts.ArticlePageTest" name="loginTest" time="0.834"/>
  <system-out/>
  <testcase classname="testScripts.ArticlePageTest" name="newArticle" time="1.181"/>
  <system-out/>
  <testcase classname="testScripts.ArticlePageTest" name="updateArticlePage" time="1.643"/>
  <system-out/>
  <testcase classname="testScripts.ArticlePageTest" name="deleteArticle" time="0.083"/>
  <system-out/>
</testsuite> <!-- testScripts.ArticlePageTest -->
